<?xml version="1.0" encoding="UTF-8"?>
<!-- Generated by org.testng.reporters.JUnitXMLReporter -->
<testsuite ignored="0" hostname="DESKTOP-5BKKI8L" failures="0" tests="2" name="UI Test" time="0.21" errors="0" timestamp="2024-04-30T00:29:48 PDT">
  <testcase classname="com.allianz.base.AutomationWrapper" name="@BeforeMethod setup" time="-1.714462188624E9">
    <failure type="org.testng.TestNGException" message="
Parameter &amp;apos;browser&amp;apos; is required by BeforeMethod on method setup but has not been marked @Optional or defined
in C:\Automation Session\automation_workspace\HealthManagmentAutomation\testng.xml">
      <![CDATA[org.testng.TestNGException: 
Parameter 'browser' is required by BeforeMethod on method setup but has not been marked @Optional or defined
in C:\Automation Session\automation_workspace\HealthManagmentAutomation\testng.xml
at java.base/java.util.ArrayList.forEach(ArrayList.java:1511)
... Removed 28 stack frames]]>
    </failure>
  </testcase> <!-- @BeforeMethod setup -->
  <testcase classname="com.allianz.base.AutomationWrapper" name="@AfterMethod teardown" time="0.0">
    <skipped/>
  </testcase> <!-- @AfterMethod teardown -->
  <testcase classname="com.allianz.base.AutomationWrapper" name="@BeforeMethod setup" time="0.0">
    <skipped/>
  </testcase> <!-- @BeforeMethod setup -->
  <testcase classname="com.allianz.base.AutomationWrapper" name="@AfterMethod teardown" time="0.0">
    <skipped/>
  </testcase> <!-- @AfterMethod teardown -->
  <testcase classname="com.allianz.test.LoginUITest" name="applicationDescriptionTest" time="0.001">
    <skipped/>
  </testcase> <!-- applicationDescriptionTest -->
  <testcase classname="com.allianz.test.LoginUITest" name="titleTest" time="0.001">
    <skipped/>
  </testcase> <!-- titleTest -->
</testsuite> <!-- UI Test -->
